Arguments: 
  C:\Program Files\nodejs\node.exe C:\Users\Matheus Letra\AppData\Roaming\npm\node_modules\yarn\bin\yarn.js install

PATH: 
  C:\Users\Matheus Letra\bin;C:\Program Files\Git\mingw64\bin;C:\Program Files\Git\usr\local\bin;C:\Program Files\Git\usr\bin;C:\Program Files\Git\usr\bin;C:\Program Files\Git\mingw64\bin;C:\Program Files\Git\usr\bin;C:\Users\Matheus Letra\bin;C:\Python27;C:\Python27\Scripts;C:\Python39\Scripts;C:\Python39;C:\Windows\system32;C:\Windows;C:\Windows\System32\Wbem;C:\Windows\System32\WindowsPowerShell\v1.0;C:\Windows\System32\OpenSSH;C:\ProgramData\chocolatey\bin;C:\Program Files\Git\cmd;C:\Program Files\nodejs;C:\Program Files\Java\jdk1.8.0_211\bin;C:\Users\Matheus Letra\AppData\Local\Microsoft\WindowsApps;C:\Users\Matheus Letra\AppData\Local\Programs\Microsoft VS Code\bin;C:\Users\Matheus Letra\AppData\Roaming\npm;C:\Program Files\Git\usr\bin\vendor_perl;C:\Program Files\Git\usr\bin\core_perl

Yarn version: 
  1.22.10

Node version: 
  15.6.0

Platform: 
  win32 x64

Trace: 
  Error: https://registry.yarnpkg.com/core-js/-/core-js-2.6.12.tgz: ESOCKETTIMEDOUT
      at ClientRequest.<anonymous> (C:\Users\Matheus Letra\AppData\Roaming\npm\node_modules\yarn\lib\cli.js:141289:19)
      at Object.onceWrapper (node:events:485:28)
      at ClientRequest.emit (node:events:379:20)
      at TLSSocket.emitRequestTimeout (node:_http_client:812:9)
      at Object.onceWrapper (node:events:485:28)
      at TLSSocket.emit (node:events:391:22)
      at TLSSocket.Socket._onTimeout (node:net:482:8)
      at listOnTimeout (node:internal/timers:556:17)
      at processTimers (node:internal/timers:499:7)

npm manifest: 
  {
    "main": "node_modules/expo/AppEntry.js",
    "scripts": {
      "start": "expo start",
      "android": "expo start --android",
      "ios": "expo start --ios",
      "web": "expo start --web",
      "eject": "expo eject"
    },
    "dependencies": {
      "expo": "~40.0.0",
      "expo-status-bar": "~1.0.3",
      "react": "16.13.1",
      "react-dom": "16.13.1",
      "react-native": "https://github.com/expo/react-native/archive/sdk-40.0.1.tar.gz",
      "react-native-web": "~0.13.12"
    },
    "devDependencies": {
      "@babel/core": "~7.9.0"
    },
    "private": true
  }

yarn manifest: 
  No manifest

Lockfile: 
  No lockfile
